<?xml version="1.0" encoding="UTF-8"?>
<!-- Generated by org.testng.reporters.JUnitReportReporter -->
<testsuite hostname="LAPTOP-GC54375N" failures="0" tests="4" name="intervue_test.Login_test" time="44.193" errors="0" timestamp="2025-04-09T00:56:03 IST" skipped="0">
  <testcase classname="intervue_test.Login_test" name="launch" time="10.813"/>
  <testcase classname="intervue_test.Login_test" name="login" time="16.062"/>
  <testcase classname="intervue_test.Login_test" name="search" time="7.795"/>
  <testcase classname="intervue_test.Login_test" name="logout" time="9.523"/>
</testsuite> <!-- intervue_test.Login_test -->
